<?xml version="1.0" encoding="UTF-8"?>
<testng-results ignored="0" total="1" passed="1" failed="0" skipped="0">
  <reporter-output>
  </reporter-output>
  <suite started-at="2026-05-27T09:24:19 IST" name="Default suite" finished-at="2026-05-27T09:24:25 IST" duration-ms="5462">
    <groups>
    </groups>
    <test started-at="2026-05-27T09:24:19 IST" name="Default test" finished-at="2026-05-27T09:24:25 IST" duration-ms="5462">
      <class name="testcases.logintest">
        <test-method is-config="true" signature="launchApp()[pri:0, instance:testcases.logintest@5fdcaa40]" started-at="2026-05-27T09:24:19 IST" name="launchApp" finished-at="2026-05-27T09:24:22 IST" duration-ms="2483" status="PASS">
          <reporter-output>
          </reporter-output>
        </test-method> <!-- launchApp -->
        <test-method signature="ValidLoginAndSelectWomenAndLogout()[pri:0, instance:testcases.logintest@5fdcaa40]" started-at="2026-05-27T09:24:22 IST" name="ValidLoginAndSelectWomenAndLogout" finished-at="2026-05-27T09:24:25 IST" duration-ms="2867" status="PASS">
          <reporter-output>
          </reporter-output>
        </test-method> <!-- ValidLoginAndSelectWomenAndLogout -->
        <test-method is-config="true" signature="teardown()[pri:0, instance:testcases.logintest@5fdcaa40]" started-at="2026-05-27T09:24:25 IST" name="teardown" finished-at="2026-05-27T09:24:25 IST" duration-ms="94" status="PASS">
          <reporter-output>
          </reporter-output>
        </test-method> <!-- teardown -->
      </class> <!-- testcases.logintest -->
    </test> <!-- Default test -->
  </suite> <!-- Default suite -->
</testng-results>
